2020-03-25 17:23:43.259  INFO 15464 --- [restartedMain] t.e.spring.ConsomiTounsiApplication      : Starting ConsomiTounsiApplication on DESKTOP-BBTBAL4 with PID 15464 (C:\Users\Ghassen\Documents\workspace-sts-3.8.4.RELEASE\ConsomiTounsi\target\classes started by Ghassen in C:\Users\Ghassen\Documents\workspace-sts-3.8.4.RELEASE\ConsomiTounsi)
2020-03-25 17:23:43.266  INFO 15464 --- [restartedMain] t.e.spring.ConsomiTounsiApplication      : No active profile set, falling back to default profiles: default
2020-03-25 17:23:43.326  INFO 15464 --- [restartedMain] o.s.b.devtools.restart.ChangeableUrls    : The Class-Path manifest attribute in C:\Users\Ghassen\.m2\repository\org\glassfish\jaxb\jaxb-runtime\2.3.2\jaxb-runtime-2.3.2.jar referenced one or more files that do not exist: file:/C:/Users/Ghassen/.m2/repository/org/glassfish/jaxb/jaxb-runtime/2.3.2/jakarta.xml.bind-api-2.3.2.jar,file:/C:/Users/Ghassen/.m2/repository/org/glassfish/jaxb/jaxb-runtime/2.3.2/txw2-2.3.2.jar,file:/C:/Users/Ghassen/.m2/repository/org/glassfish/jaxb/jaxb-runtime/2.3.2/istack-commons-runtime-3.0.8.jar,file:/C:/Users/Ghassen/.m2/repository/org/glassfish/jaxb/jaxb-runtime/2.3.2/stax-ex-1.8.1.jar,file:/C:/Users/Ghassen/.m2/repository/org/glassfish/jaxb/jaxb-runtime/2.3.2/FastInfoset-1.2.16.jar,file:/C:/Users/Ghassen/.m2/repository/org/glassfish/jaxb/jaxb-runtime/2.3.2/jakarta.activation-api-1.2.1.jar
2020-03-25 17:23:43.327  INFO 15464 --- [restartedMain] .e.DevToolsPropertyDefaultsPostProcessor : Devtools property defaults active! Set 'spring.devtools.add-properties' to 'false' to disable
2020-03-25 17:23:43.327  INFO 15464 --- [restartedMain] .e.DevToolsPropertyDefaultsPostProcessor : For additional web related logging consider setting the 'logging.level.web' property to 'DEBUG'
2020-03-25 17:23:44.351  INFO 15464 --- [restartedMain] .s.d.r.c.RepositoryConfigurationDelegate : Bootstrapping Spring Data JPA repositories in DEFAULT mode.
2020-03-25 17:23:44.431  INFO 15464 --- [restartedMain] .s.d.r.c.RepositoryConfigurationDelegate : Finished Spring Data repository scanning in 70ms. Found 3 JPA repository interfaces.
2020-03-25 17:23:45.152  INFO 15464 --- [restartedMain] o.s.b.w.embedded.tomcat.TomcatWebServer  : Tomcat initialized with port(s): 8081 (http)
2020-03-25 17:23:45.164  INFO 15464 --- [restartedMain] o.apache.catalina.core.StandardService   : Starting service [Tomcat]
2020-03-25 17:23:45.164  INFO 15464 --- [restartedMain] org.apache.catalina.core.StandardEngine  : Starting Servlet engine: [Apache Tomcat/9.0.31]
2020-03-25 17:23:45.382  INFO 15464 --- [restartedMain] o.a.c.c.C.[.[localhost].[/SpringMVC]     : Initializing Spring embedded WebApplicationContext
2020-03-25 17:23:45.383  INFO 15464 --- [restartedMain] o.s.web.context.ContextLoader            : Root WebApplicationContext: initialization completed in 2056 ms
2020-03-25 17:23:45.645  INFO 15464 --- [restartedMain] o.hibernate.jpa.internal.util.LogHelper  : HHH000204: Processing PersistenceUnitInfo [name: default]
2020-03-25 17:23:45.725  INFO 15464 --- [restartedMain] org.hibernate.Version                    : HHH000412: Hibernate ORM core version 5.4.12.Final
2020-03-25 17:23:45.878  INFO 15464 --- [restartedMain] o.hibernate.annotations.common.Version   : HCANN000001: Hibernate Commons Annotations {5.1.0.Final}
2020-03-25 17:23:45.982  INFO 15464 --- [restartedMain] com.zaxxer.hikari.HikariDataSource       : HikariPool-1 - Starting...
2020-03-25 17:23:46.130  INFO 15464 --- [restartedMain] com.zaxxer.hikari.HikariDataSource       : HikariPool-1 - Start completed.
2020-03-25 17:23:46.146  INFO 15464 --- [restartedMain] org.hibernate.dialect.Dialect            : HHH000400: Using dialect: org.hibernate.dialect.MySQL5InnoDBDialect
2020-03-25 17:23:46.338  WARN 15464 --- [restartedMain] org.hibernate.cfg.AnnotationBinder       : HHH000139: Illegal use of @Table in a subclass of a SINGLE_TABLE hierarchy: tn.esprit.spring.entity.Livreur
2020-03-25 17:23:50.001  INFO 15464 --- [restartedMain] o.h.e.t.j.p.i.JtaPlatformInitiator       : HHH000490: Using JtaPlatform implementation: [org.hibernate.engine.transaction.jta.platform.internal.NoJtaPlatform]
2020-03-25 17:23:50.008  INFO 15464 --- [restartedMain] j.LocalContainerEntityManagerFactoryBean : Initialized JPA EntityManagerFactory for persistence unit 'default'
2020-03-25 17:23:50.023  INFO 15464 --- [restartedMain] o.s.b.d.a.OptionalLiveReloadServer       : LiveReload server is running on port 35729
2020-03-25 17:23:50.122  WARN 15464 --- [restartedMain] JpaBaseConfiguration$JpaWebConfiguration : spring.jpa.open-in-view is enabled by default. Therefore, database queries may be performed during view rendering. Explicitly configure spring.jpa.open-in-view to disable this warning
2020-03-25 17:23:50.645  INFO 15464 --- [restartedMain] o.s.s.web.DefaultSecurityFilterChain     : Creating filter chain: any request, [org.springframework.security.web.context.request.async.WebAsyncManagerIntegrationFilter@4f1b8ff1, org.springframework.security.web.context.SecurityContextPersistenceFilter@72609af7, org.springframework.security.web.header.HeaderWriterFilter@102b29ee, org.springframework.security.web.authentication.logout.LogoutFilter@526153a0, org.springframework.security.web.authentication.UsernamePasswordAuthenticationFilter@55653ffa, org.springframework.security.web.savedrequest.RequestCacheAwareFilter@40456af, org.springframework.security.web.servletapi.SecurityContextHolderAwareRequestFilter@30faa740, org.springframework.security.web.authentication.rememberme.RememberMeAuthenticationFilter@2350c15a, org.springframework.security.web.authentication.AnonymousAuthenticationFilter@71fe1b73, org.springframework.security.web.session.SessionManagementFilter@8eab4bc, org.springframework.security.web.access.ExceptionTranslationFilter@6a0a3706, org.springframework.security.web.access.intercept.FilterSecurityInterceptor@40d472e3]
2020-03-25 17:23:51.122  INFO 15464 --- [restartedMain] o.s.s.concurrent.ThreadPoolTaskExecutor  : Initializing ExecutorService 'applicationTaskExecutor'
2020-03-25 17:23:51.263  WARN 15464 --- [restartedMain] ion$DefaultTemplateResolverConfiguration : Cannot find template location: classpath:/templates/ (please add some templates or check your Thymeleaf configuration)
2020-03-25 17:23:51.385  INFO 15464 --- [restartedMain] o.s.b.w.embedded.tomcat.TomcatWebServer  : Tomcat started on port(s): 8081 (http) with context path '/SpringMVC'
2020-03-25 17:23:51.387  INFO 15464 --- [restartedMain] t.e.spring.ConsomiTounsiApplication      : Started ConsomiTounsiApplication in 8.483 seconds (JVM running for 11.876)
